# JRE version: OpenJDK Runtime Environment (8.0_152-b01) (build 1.8.0_152-release-1024-b01)
# Java VM: OpenJDK 64-Bit Server VM (25.152-b01 mixed mode bsd-amd64 compressed oops)
Heap:
 PSYoungGen      total 388096K, used 1903K [0x00000007a0000000, 0x00000007c0000000, 0x00000007c0000000)
  eden space 272384K, 0% used [0x00000007a0000000,0x00000007a0000000,0x00000007b0a00000)
  from space 115712K, 1% used [0x00000007b8f00000,0x00000007b90dbf30,0x00000007c0000000)
  to   space 125952K, 0% used [0x00000007b0a00000,0x00000007b0a00000,0x00000007b8500000)
 ParOldGen       total 235520K, used 225155K [0x0000000760000000, 0x000000076e600000, 0x00000007a0000000)
  object space 235520K, 95% used [0x0000000760000000,0x000000076dbe0d28,0x000000076e600000)
 Metaspace       used 204756K, capacity 212928K, committed 307800K, reserved 1318912K
  class space    used 22615K, capacity 23832K, committed 37760K, reserved 1048576K
GC Heap History (10 events):
Event: 16010.650 GC heap after
Heap after GC invocations=441 (full 19):
 PSYoungGen      total 388608K, used 5736K [0x00000007a0000000, 0x00000007bee80000, 0x00000007c0000000)
  eden space 287232K, 0% used [0x00000007a0000000,0x00000007a0000000,0x00000007b1880000)
  from space 101376K, 5% used [0x00000007b8b80000,0x00000007b911a038,0x00000007bee80000)
  to   space 109568K, 0% used [0x00000007b1880000,0x00000007b1880000,0x00000007b8380000)
 ParOldGen       total 235520K, used 146861K [0x0000000760000000, 0x000000076e600000, 0x00000007a0000000)
  object space 235520K, 62% used [0x0000000760000000,0x0000000768f6b7f8,0x000000076e600000)
 Metaspace       used 200186K, capacity 208174K, committed 307800K, reserved 1318912K
  class space    used 22182K, capacity 23387K, committed 37760K, reserved 1048576K
}
Event: 16010.853 GC heap before
{Heap before GC invocations=442 (full 19):
 PSYoungGen      total 388608K, used 292275K [0x00000007a0000000, 0x00000007bee80000, 0x00000007c0000000)
  eden space 287232K, 99% used [0x00000007a0000000,0x00000007b17d2d98,0x00000007b1880000)
  from space 101376K, 5% used [0x00000007b8b80000,0x00000007b911a038,0x00000007bee80000)
  to   space 109568K, 0% used [0x00000007b1880000,0x00000007b1880000,0x00000007b8380000)
 ParOldGen       total 235520K, used 146861K [0x0000000760000000, 0x000000076e600000, 0x00000007a0000000)
  object space 235520K, 62% used [0x0000000760000000,0x0000000768f6b7f8,0x000000076e600000)
 Metaspace       used 200186K, capacity 208174K, committed 307800K, reserved 1318912K
  class space    used 22182K, capacity 23387K, committed 37760K, reserved 1048576K
Event: 16010.890 GC heap after
Heap after GC invocations=442 (full 19):
 PSYoungGen      total 396800K, used 128K [0x00000007a0000000, 0x00000007c0000000, 0x00000007c0000000)
  eden space 287232K, 0% used [0x00000007a0000000,0x00000007a0000000,0x00000007b1880000)
  from space 109568K, 0% used [0x00000007b1880000,0x00000007b18a0000,0x00000007b8380000)
  to   space 105472K, 0% used [0x00000007b9900000,0x00000007b9900000,0x00000007c0000000)
 ParOldGen       total 235520K, used 148320K [0x0000000760000000, 0x000000076e600000, 0x00000007a0000000)
  object space 235520K, 62% used [0x0000000760000000,0x00000007690d8058,0x000000076e600000)
 Metaspace       used 200186K, capacity 208174K, committed 307800K, reserved 1318912K
  class space    used 22182K, capacity 23387K, committed 37760K, reserved 1048576K
}
Event: 16190.991 GC heap before
{Heap before GC invocations=443 (full 19):
 PSYoungGen      total 396800K, used 287360K [0x00000007a0000000, 0x00000007c0000000, 0x00000007c0000000)
  eden space 287232K, 100% used [0x00000007a0000000,0x00000007b1880000,0x00000007b1880000)
  from space 109568K, 0% used [0x00000007b1880000,0x00000007b18a0000,0x00000007b8380000)
  to   space 105472K, 0% used [0x00000007b9900000,0x00000007b9900000,0x00000007c0000000)
 ParOldGen       total 235520K, used 148320K [0x0000000760000000, 0x000000076e600000, 0x00000007a0000000)
  object space 235520K, 62% used [0x0000000760000000,0x00000007690d8058,0x000000076e600000)
 Metaspace       used 200835K, capacity 208910K, committed 307800K, reserved 1318912K
  class space    used 22216K, capacity 23423K, committed 37760K, reserved 1048576K
Event: 16191.247 GC heap after
Heap after GC invocations=443 (full 19):
 PSYoungGen      total 398336K, used 11725K [0x00000007a0000000, 0x00000007bf000000, 0x00000007c0000000)
  eden space 309248K, 0% used [0x00000007a0000000,0x00000007a0000000,0x00000007b2e00000)
  from space 89088K, 13% used [0x00000007b9900000,0x00000007ba4737b0,0x00000007bf000000)
  to   space 99328K, 0% used [0x00000007b2e00000,0x00000007b2e00000,0x00000007b8f00000)
 ParOldGen       total 235520K, used 148360K [0x0000000760000000, 0x000000076e600000, 0x00000007a0000000)
  object space 235520K, 62% used [0x0000000760000000,0x00000007690e2058,0x000000076e600000)
 Metaspace       used 200835K, capacity 208910K, committed 307800K, reserved 1318912K
  class space    used 22216K, capacity 23423K, committed 37760K, reserved 1048576K
}
Event: 16195.836 GC heap before
{Heap before GC invocations=444 (full 19):
 PSYoungGen      total 398336K, used 320973K [0x00000007a0000000, 0x00000007bf000000, 0x00000007c0000000)
  eden space 309248K, 100% used [0x00000007a0000000,0x00000007b2e00000,0x00000007b2e00000)
  from space 89088K, 13% used [0x00000007b9900000,0x00000007ba4737b0,0x00000007bf000000)
  to   space 99328K, 0% used [0x00000007b2e00000,0x00000007b2e00000,0x00000007b8f00000)
 ParOldGen       total 235520K, used 148360K [0x0000000760000000, 0x000000076e600000, 0x00000007a0000000)
  object space 235520K, 62% used [0x0000000760000000,0x00000007690e2058,0x000000076e600000)
 Metaspace       used 204755K, capacity 212928K, committed 307800K, reserved 1318912K
  class space    used 22615K, capacity 23832K, committed 37760K, reserved 1048576K
Event: 16197.768 GC heap after
Heap after GC invocations=444 (full 19):
 PSYoungGen      total 408576K, used 99314K [0x00000007a0000000, 0x00000007c0000000, 0x00000007c0000000)
  eden space 309248K, 0% used [0x00000007a0000000,0x00000007a0000000,0x00000007b2e00000)
  from space 99328K, 99% used [0x00000007b2e00000,0x00000007b8efc960,0x00000007b8f00000)
  to   space 115712K, 0% used [0x00000007b8f00000,0x00000007b8f00000,0x00000007c0000000)
 ParOldGen       total 235520K, used 175851K [0x0000000760000000, 0x000000076e600000, 0x00000007a0000000)
  object space 235520K, 74% used [0x0000000760000000,0x000000076abbaeb8,0x000000076e600000)
 Metaspace       used 204755K, capacity 212928K, committed 307800K, reserved 1318912K
  class space    used 22615K, capacity 23832K, committed 37760K, reserved 1048576K
}
Event: 16199.470 GC heap before
{Heap before GC invocations=445 (full 19):
 PSYoungGen      total 408576K, used 408020K [0x00000007a0000000, 0x00000007c0000000, 0x00000007c0000000)
  eden space 309248K, 99% used [0x00000007a0000000,0x00000007b2d78970,0x00000007b2e00000)
  from space 99328K, 99% used [0x00000007b2e00000,0x00000007b8efc960,0x00000007b8f00000)
  to   space 115712K, 0% used [0x00000007b8f00000,0x00000007b8f00000,0x00000007c0000000)
 ParOldGen       total 235520K, used 175851K [0x0000000760000000, 0x000000076e600000, 0x00000007a0000000)
  object space 235520K, 74% used [0x0000000760000000,0x000000076abbaeb8,0x000000076e600000)
 Metaspace       used 204756K, capacity 212928K, committed 307800K, reserved 1318912K
  class space    used 22615K, capacity 23832K, committed 37760K, reserved 1048576K
Event: 16200.207 GC heap after
Heap after GC invocations=445 (full 19):
 PSYoungGen      total 388096K, used 1903K [0x00000007a0000000, 0x00000007c0000000, 0x00000007c0000000)
  eden space 272384K, 0% used [0x00000007a0000000,0x00000007a0000000,0x00000007b0a00000)
  from space 115712K, 1% used [0x00000007b8f00000,0x00000007b90dbf30,0x00000007c0000000)
  to   space 125952K, 0% used [0x00000007b0a00000,0x00000007b0a00000,0x00000007b8500000)
 ParOldGen       total 235520K, used 225155K [0x0000000760000000, 0x000000076e600000, 0x00000007a0000000)
  object space 235520K, 95% used [0x0000000760000000,0x000000076dbe0d28,0x000000076e600000)
 Metaspace       used 204756K, capacity 212928K, committed 307800K, reserved 1318912K
  class space    used 22615K, capacity 23832K, committed 37760K, reserved 1048576K
}
Event: 16200.208 GC heap before
{Heap before GC invocations=446 (full 20):
 PSYoungGen      total 388096K, used 1903K [0x00000007a0000000, 0x00000007c0000000, 0x00000007c0000000)
  eden space 272384K, 0% used [0x00000007a0000000,0x00000007a0000000,0x00000007b0a00000)
  from space 115712K, 1% used [0x00000007b8f00000,0x00000007b90dbf30,0x00000007c0000000)
  to   space 125952K, 0% used [0x00000007b0a00000,0x00000007b0a00000,0x00000007b8500000)
 ParOldGen       total 235520K, used 225155K [0x0000000760000000, 0x000000076e600000, 0x00000007a0000000)
  object space 235520K, 95% used [0x0000000760000000,0x000000076dbe0d28,0x000000076e600000)
 Metaspace       used 204756K, capacity 212928K, committed 307800K, reserved 1318912K
  class space    used 22615K, capacity 23832K, committed 37760K, reserved 1048576K

