# JRE version: OpenJDK Runtime Environment (8.0_152-b01) (build 1.8.0_152-release-1024-b01)
# Java VM: OpenJDK 64-Bit Server VM (25.152-b01 mixed mode bsd-amd64 compressed oops)
Heap:
 PSYoungGen      total 379904K, used 77124K [0x00000007a0000000, 0x00000007c0000000, 0x00000007c0000000)
  eden space 250880K, 0% used [0x00000007a0000000,0x00000007a0000000,0x00000007af500000)
  from space 129024K, 59% used [0x00000007af500000,0x00000007b40513a8,0x00000007b7300000)
  to   space 133632K, 0% used [0x00000007b7d80000,0x00000007b7d80000,0x00000007c0000000)
 ParOldGen       total 271872K, used 246022K [0x0000000760000000, 0x0000000770980000, 0x00000007a0000000)
  object space 271872K, 90% used [0x0000000760000000,0x000000076f041bc0,0x0000000770980000)
 Metaspace       used 212776K, capacity 220868K, committed 265304K, reserved 1282048K
  class space    used 23064K, capacity 24268K, committed 33664K, reserved 1048576K
GC Heap History (10 events):
Event: 159547.156 GC heap after
Heap after GC invocations=784 (full 43):
 PSYoungGen      total 384000K, used 5050K [0x00000007a0000000, 0x00000007c0000000, 0x00000007c0000000)
  eden space 243712K, 0% used [0x00000007a0000000,0x00000007a0000000,0x00000007aee00000)
  from space 140288K, 3% used [0x00000007aee00000,0x00000007af2ee998,0x00000007b7700000)
  to   space 137216K, 0% used [0x00000007b7a00000,0x00000007b7a00000,0x00000007c0000000)
 ParOldGen       total 271872K, used 194653K [0x0000000760000000, 0x0000000770980000, 0x00000007a0000000)
  object space 271872K, 71% used [0x0000000760000000,0x000000076be17510,0x0000000770980000)
 Metaspace       used 201017K, capacity 208808K, committed 265304K, reserved 1282048K
  class space    used 21864K, capacity 23040K, committed 33664K, reserved 1048576K
}
Event: 159549.880 GC heap before
{Heap before GC invocations=785 (full 43):
 PSYoungGen      total 384000K, used 248762K [0x00000007a0000000, 0x00000007c0000000, 0x00000007c0000000)
  eden space 243712K, 100% used [0x00000007a0000000,0x00000007aee00000,0x00000007aee00000)
  from space 140288K, 3% used [0x00000007aee00000,0x00000007af2ee998,0x00000007b7700000)
  to   space 137216K, 0% used [0x00000007b7a00000,0x00000007b7a00000,0x00000007c0000000)
 ParOldGen       total 271872K, used 194653K [0x0000000760000000, 0x0000000770980000, 0x00000007a0000000)
  object space 271872K, 71% used [0x0000000760000000,0x000000076be17510,0x0000000770980000)
 Metaspace       used 204938K, capacity 212832K, committed 265304K, reserved 1282048K
  class space    used 22265K, capacity 23450K, committed 33664K, reserved 1048576K
Event: 159550.244 GC heap after
Heap after GC invocations=785 (full 43):
 PSYoungGen      total 373760K, used 84055K [0x00000007a0000000, 0x00000007c0000000, 0x00000007c0000000)
  eden space 236544K, 0% used [0x00000007a0000000,0x00000007a0000000,0x00000007ae700000)
  from space 137216K, 61% used [0x00000007b7a00000,0x00000007bcc15f68,0x00000007c0000000)
  to   space 143872K, 0% used [0x00000007ae700000,0x00000007ae700000,0x00000007b7380000)
 ParOldGen       total 271872K, used 198663K [0x0000000760000000, 0x0000000770980000, 0x00000007a0000000)
  object space 271872K, 73% used [0x0000000760000000,0x000000076c201f30,0x0000000770980000)
 Metaspace       used 204938K, capacity 212832K, committed 265304K, reserved 1282048K
  class space    used 22265K, capacity 23450K, committed 33664K, reserved 1048576K
}
Event: 159559.667 GC heap before
{Heap before GC invocations=786 (full 43):
 PSYoungGen      total 373760K, used 320599K [0x00000007a0000000, 0x00000007c0000000, 0x00000007c0000000)
  eden space 236544K, 100% used [0x00000007a0000000,0x00000007ae700000,0x00000007ae700000)
  from space 137216K, 61% used [0x00000007b7a00000,0x00000007bcc15f68,0x00000007c0000000)
  to   space 143872K, 0% used [0x00000007ae700000,0x00000007ae700000,0x00000007b7380000)
 ParOldGen       total 271872K, used 198663K [0x0000000760000000, 0x0000000770980000, 0x00000007a0000000)
  object space 271872K, 73% used [0x0000000760000000,0x000000076c201f30,0x0000000770980000)
 Metaspace       used 205639K, capacity 213616K, committed 265304K, reserved 1282048K
  class space    used 22332K, capacity 23532K, committed 33664K, reserved 1048576K
Event: 159559.907 GC heap after
Heap after GC invocations=786 (full 43):
 PSYoungGen      total 266752K, used 29954K [0x00000007a0000000, 0x00000007bf880000, 0x00000007c0000000)
  eden space 236544K, 0% used [0x00000007a0000000,0x00000007a0000000,0x00000007ae700000)
  from space 30208K, 99% used [0x00000007ae700000,0x00000007b0440930,0x00000007b0480000)
  to   space 136704K, 0% used [0x00000007b7300000,0x00000007b7300000,0x00000007bf880000)
 ParOldGen       total 271872K, used 199815K [0x0000000760000000, 0x0000000770980000, 0x00000007a0000000)
  object space 271872K, 73% used [0x0000000760000000,0x000000076c321f80,0x0000000770980000)
 Metaspace       used 205639K, capacity 213616K, committed 265304K, reserved 1282048K
  class space    used 22332K, capacity 23532K, committed 33664K, reserved 1048576K
}
Event: 159561.587 GC heap before
{Heap before GC invocations=787 (full 43):
 PSYoungGen      total 266752K, used 266498K [0x00000007a0000000, 0x00000007bf880000, 0x00000007c0000000)
  eden space 236544K, 100% used [0x00000007a0000000,0x00000007ae700000,0x00000007ae700000)
  from space 30208K, 99% used [0x00000007ae700000,0x00000007b0440930,0x00000007b0480000)
  to   space 136704K, 0% used [0x00000007b7300000,0x00000007b7300000,0x00000007bf880000)
 ParOldGen       total 271872K, used 199815K [0x0000000760000000, 0x0000000770980000, 0x00000007a0000000)
  object space 271872K, 73% used [0x0000000760000000,0x000000076c321f80,0x0000000770980000)
 Metaspace       used 208854K, capacity 216850K, committed 265304K, reserved 1282048K
  class space    used 22664K, capacity 23859K, committed 33664K, reserved 1048576K
Event: 159562.385 GC heap after
Heap after GC invocations=787 (full 43):
 PSYoungGen      total 387584K, used 31305K [0x00000007a0000000, 0x00000007c0000000, 0x00000007c0000000)
  eden space 250880K, 0% used [0x00000007a0000000,0x00000007a0000000,0x00000007af500000)
  from space 136704K, 22% used [0x00000007b7300000,0x00000007b9192428,0x00000007bf880000)
  to   space 129024K, 0% used [0x00000007af500000,0x00000007af500000,0x00000007b7300000)
 ParOldGen       total 271872K, used 221510K [0x0000000760000000, 0x0000000770980000, 0x00000007a0000000)
  object space 271872K, 81% used [0x0000000760000000,0x000000076d851968,0x0000000770980000)
 Metaspace       used 208854K, capacity 216850K, committed 265304K, reserved 1282048K
  class space    used 22664K, capacity 23859K, committed 33664K, reserved 1048576K
}
Event: 159611.560 GC heap before
{Heap before GC invocations=788 (full 43):
 PSYoungGen      total 387584K, used 282185K [0x00000007a0000000, 0x00000007c0000000, 0x00000007c0000000)
  eden space 250880K, 100% used [0x00000007a0000000,0x00000007af500000,0x00000007af500000)
  from space 136704K, 22% used [0x00000007b7300000,0x00000007b9192428,0x00000007bf880000)
  to   space 129024K, 0% used [0x00000007af500000,0x00000007af500000,0x00000007b7300000)
 ParOldGen       total 271872K, used 221510K [0x0000000760000000, 0x0000000770980000, 0x00000007a0000000)
  object space 271872K, 81% used [0x0000000760000000,0x000000076d851968,0x0000000770980000)
 Metaspace       used 212776K, capacity 220868K, committed 265304K, reserved 1282048K
  class space    used 23064K, capacity 24268K, committed 33664K, reserved 1048576K
Event: 159612.655 GC heap after
Heap after GC invocations=788 (full 43):
 PSYoungGen      total 379904K, used 77124K [0x00000007a0000000, 0x00000007c0000000, 0x00000007c0000000)
  eden space 250880K, 0% used [0x00000007a0000000,0x00000007a0000000,0x00000007af500000)
  from space 129024K, 59% used [0x00000007af500000,0x00000007b40513a8,0x00000007b7300000)
  to   space 133632K, 0% used [0x00000007b7d80000,0x00000007b7d80000,0x00000007c0000000)
 ParOldGen       total 271872K, used 246022K [0x0000000760000000, 0x0000000770980000, 0x00000007a0000000)
  object space 271872K, 90% used [0x0000000760000000,0x000000076f041bc0,0x0000000770980000)
 Metaspace       used 212776K, capacity 220868K, committed 265304K, reserved 1282048K
  class space    used 23064K, capacity 24268K, committed 33664K, reserved 1048576K
}
Event: 159612.655 GC heap before
{Heap before GC invocations=789 (full 44):
 PSYoungGen      total 379904K, used 77124K [0x00000007a0000000, 0x00000007c0000000, 0x00000007c0000000)
  eden space 250880K, 0% used [0x00000007a0000000,0x00000007a0000000,0x00000007af500000)
  from space 129024K, 59% used [0x00000007af500000,0x00000007b40513a8,0x00000007b7300000)
  to   space 133632K, 0% used [0x00000007b7d80000,0x00000007b7d80000,0x00000007c0000000)
 ParOldGen       total 271872K, used 246022K [0x0000000760000000, 0x0000000770980000, 0x00000007a0000000)
  object space 271872K, 90% used [0x0000000760000000,0x000000076f041bc0,0x0000000770980000)
 Metaspace       used 212776K, capacity 220868K, committed 265304K, reserved 1282048K
  class space    used 23064K, capacity 24268K, committed 33664K, reserved 1048576K

