# JRE version: OpenJDK Runtime Environment (8.0_152-b01) (build 1.8.0_152-release-1024-b01)
# Java VM: OpenJDK 64-Bit Server VM (25.152-b01 mixed mode bsd-amd64 compressed oops)
Heap:
 PSYoungGen      total 338944K, used 114637K [0x00000007a0000000, 0x00000007c0000000, 0x00000007c0000000)
  eden space 224256K, 0% used [0x00000007a0000000,0x00000007a0000000,0x00000007adb00000)
  from space 114688K, 99% used [0x00000007adb00000,0x00000007b4af37e0,0x00000007b4b00000)
  to   space 162816K, 0% used [0x00000007b6100000,0x00000007b6100000,0x00000007c0000000)
 ParOldGen       total 348672K, used 323679K [0x0000000760000000, 0x0000000775480000, 0x00000007a0000000)
  object space 348672K, 92% used [0x0000000760000000,0x0000000773c17d00,0x0000000775480000)
 Metaspace       used 177896K, capacity 185504K, committed 188248K, reserved 1214464K
  class space    used 19916K, capacity 21044K, committed 23168K, reserved 1048576K
GC Heap History (10 events):
Event: 23874.155 GC heap after
Heap after GC invocations=163 (full 12):
 PSYoungGen      total 361472K, used 3462K [0x00000007a0000000, 0x00000007bfe80000, 0x00000007c0000000)
  eden space 206336K, 0% used [0x00000007a0000000,0x00000007a0000000,0x00000007ac980000)
  from space 155136K, 2% used [0x00000007ac980000,0x00000007acce1bc8,0x00000007b6100000)
  to   space 152064K, 0% used [0x00000007b6a00000,0x00000007b6a00000,0x00000007bfe80000)
 ParOldGen       total 348672K, used 262211K [0x0000000760000000, 0x0000000775480000, 0x00000007a0000000)
  object space 348672K, 75% used [0x0000000760000000,0x0000000770010e90,0x0000000775480000)
 Metaspace       used 169783K, capacity 177046K, committed 187224K, reserved 1214464K
  class space    used 19079K, capacity 20157K, committed 23168K, reserved 1048576K
}
Event: 25078.658 GC heap before
{Heap before GC invocations=164 (full 12):
 PSYoungGen      total 361472K, used 209798K [0x00000007a0000000, 0x00000007bfe80000, 0x00000007c0000000)
  eden space 206336K, 100% used [0x00000007a0000000,0x00000007ac980000,0x00000007ac980000)
  from space 155136K, 2% used [0x00000007ac980000,0x00000007acce1bc8,0x00000007b6100000)
  to   space 152064K, 0% used [0x00000007b6a00000,0x00000007b6a00000,0x00000007bfe80000)
 ParOldGen       total 348672K, used 262211K [0x0000000760000000, 0x0000000775480000, 0x00000007a0000000)
  object space 348672K, 75% used [0x0000000760000000,0x0000000770010e90,0x0000000775480000)
 Metaspace       used 169824K, capacity 177046K, committed 187224K, reserved 1214464K
  class space    used 19079K, capacity 20157K, committed 23168K, reserved 1048576K
Event: 25079.260 GC heap after
Heap after GC invocations=164 (full 12):
 PSYoungGen      total 356352K, used 13488K [0x00000007a0000000, 0x00000007bf200000, 0x00000007c0000000)
  eden space 217088K, 0% used [0x00000007a0000000,0x00000007a0000000,0x00000007ad400000)
  from space 139264K, 9% used [0x00000007b6a00000,0x00000007b772c0f0,0x00000007bf200000)
  to   space 146432K, 0% used [0x00000007ad400000,0x00000007ad400000,0x00000007b6300000)
 ParOldGen       total 348672K, used 262815K [0x0000000760000000, 0x0000000775480000, 0x00000007a0000000)
  object space 348672K, 75% used [0x0000000760000000,0x00000007700a7ec0,0x0000000775480000)
 Metaspace       used 169824K, capacity 177046K, committed 187224K, reserved 1214464K
  class space    used 19079K, capacity 20157K, committed 23168K, reserved 1048576K
}
Event: 25082.944 GC heap before
{Heap before GC invocations=165 (full 12):
 PSYoungGen      total 356352K, used 230576K [0x00000007a0000000, 0x00000007bf200000, 0x00000007c0000000)
  eden space 217088K, 100% used [0x00000007a0000000,0x00000007ad400000,0x00000007ad400000)
  from space 139264K, 9% used [0x00000007b6a00000,0x00000007b772c0f0,0x00000007bf200000)
  to   space 146432K, 0% used [0x00000007ad400000,0x00000007ad400000,0x00000007b6300000)
 ParOldGen       total 348672K, used 262815K [0x0000000760000000, 0x0000000775480000, 0x00000007a0000000)
  object space 348672K, 75% used [0x0000000760000000,0x00000007700a7ec0,0x0000000775480000)
 Metaspace       used 173737K, capacity 181064K, committed 187224K, reserved 1214464K
  class space    used 19479K, capacity 20566K, committed 23168K, reserved 1048576K
Event: 25085.027 GC heap after
Heap after GC invocations=165 (full 12):
 PSYoungGen      total 363520K, used 88473K [0x00000007a0000000, 0x00000007c0000000, 0x00000007c0000000)
  eden space 217088K, 0% used [0x00000007a0000000,0x00000007a0000000,0x00000007ad400000)
  from space 146432K, 60% used [0x00000007ad400000,0x00000007b2a66648,0x00000007b6300000)
  to   space 153600K, 0% used [0x00000007b6a00000,0x00000007b6a00000,0x00000007c0000000)
 ParOldGen       total 348672K, used 272143K [0x0000000760000000, 0x0000000775480000, 0x00000007a0000000)
  object space 348672K, 78% used [0x0000000760000000,0x00000007709c3f48,0x0000000775480000)
 Metaspace       used 173737K, capacity 181064K, committed 187224K, reserved 1214464K
  class space    used 19479K, capacity 20566K, committed 23168K, reserved 1048576K
}
Event: 25378.649 GC heap before
{Heap before GC invocations=166 (full 12):
 PSYoungGen      total 363520K, used 305561K [0x00000007a0000000, 0x00000007c0000000, 0x00000007c0000000)
  eden space 217088K, 100% used [0x00000007a0000000,0x00000007ad400000,0x00000007ad400000)
  from space 146432K, 60% used [0x00000007ad400000,0x00000007b2a66648,0x00000007b6300000)
  to   space 153600K, 0% used [0x00000007b6a00000,0x00000007b6a00000,0x00000007c0000000)
 ParOldGen       total 348672K, used 272143K [0x0000000760000000, 0x0000000775480000, 0x00000007a0000000)
  object space 348672K, 78% used [0x0000000760000000,0x00000007709c3f48,0x0000000775480000)
 Metaspace       used 173983K, capacity 181486K, committed 187224K, reserved 1214464K
  class space    used 19517K, capacity 20635K, committed 23168K, reserved 1048576K
Event: 25379.426 GC heap after
Heap after GC invocations=166 (full 12):
 PSYoungGen      total 370688K, used 22559K [0x00000007a0000000, 0x00000007bf900000, 0x00000007c0000000)
  eden space 224256K, 0% used [0x00000007a0000000,0x00000007a0000000,0x00000007adb00000)
  from space 146432K, 15% used [0x00000007b6a00000,0x00000007b8007d48,0x00000007bf900000)
  to   space 146432K, 0% used [0x00000007adb00000,0x00000007adb00000,0x00000007b6a00000)
 ParOldGen       total 348672K, used 305037K [0x0000000760000000, 0x0000000775480000, 0x00000007a0000000)
  object space 348672K, 87% used [0x0000000760000000,0x00000007729e3760,0x0000000775480000)
 Metaspace       used 173983K, capacity 181486K, committed 187224K, reserved 1214464K
  class space    used 19517K, capacity 20635K, committed 23168K, reserved 1048576K
}
Event: 25382.860 GC heap before
{Heap before GC invocations=167 (full 12):
 PSYoungGen      total 370688K, used 246815K [0x00000007a0000000, 0x00000007bf900000, 0x00000007c0000000)
  eden space 224256K, 100% used [0x00000007a0000000,0x00000007adb00000,0x00000007adb00000)
  from space 146432K, 15% used [0x00000007b6a00000,0x00000007b8007d48,0x00000007bf900000)
  to   space 146432K, 0% used [0x00000007adb00000,0x00000007adb00000,0x00000007b6a00000)
 ParOldGen       total 348672K, used 305037K [0x0000000760000000, 0x0000000775480000, 0x00000007a0000000)
  object space 348672K, 87% used [0x0000000760000000,0x00000007729e3760,0x0000000775480000)
 Metaspace       used 177896K, capacity 185504K, committed 188248K, reserved 1214464K
  class space    used 19916K, capacity 21044K, committed 23168K, reserved 1048576K
Event: 25384.641 GC heap after
Heap after GC invocations=167 (full 12):
 PSYoungGen      total 338944K, used 114637K [0x00000007a0000000, 0x00000007c0000000, 0x00000007c0000000)
  eden space 224256K, 0% used [0x00000007a0000000,0x00000007a0000000,0x00000007adb00000)
  from space 114688K, 99% used [0x00000007adb00000,0x00000007b4af37e0,0x00000007b4b00000)
  to   space 162816K, 0% used [0x00000007b6100000,0x00000007b6100000,0x00000007c0000000)
 ParOldGen       total 348672K, used 323679K [0x0000000760000000, 0x0000000775480000, 0x00000007a0000000)
  object space 348672K, 92% used [0x0000000760000000,0x0000000773c17d00,0x0000000775480000)
 Metaspace       used 177896K, capacity 185504K, committed 188248K, reserved 1214464K
  class space    used 19916K, capacity 21044K, committed 23168K, reserved 1048576K
}
Event: 25384.642 GC heap before
{Heap before GC invocations=168 (full 13):
 PSYoungGen      total 338944K, used 114637K [0x00000007a0000000, 0x00000007c0000000, 0x00000007c0000000)
  eden space 224256K, 0% used [0x00000007a0000000,0x00000007a0000000,0x00000007adb00000)
  from space 114688K, 99% used [0x00000007adb00000,0x00000007b4af37e0,0x00000007b4b00000)
  to   space 162816K, 0% used [0x00000007b6100000,0x00000007b6100000,0x00000007c0000000)
 ParOldGen       total 348672K, used 323679K [0x0000000760000000, 0x0000000775480000, 0x00000007a0000000)
  object space 348672K, 92% used [0x0000000760000000,0x0000000773c17d00,0x0000000775480000)
 Metaspace       used 177896K, capacity 185504K, committed 188248K, reserved 1214464K
  class space    used 19916K, capacity 21044K, committed 23168K, reserved 1048576K

