# JRE version: OpenJDK Runtime Environment (8.0_152-b01) (build 1.8.0_152-release-1024-b01)
# Java VM: OpenJDK 64-Bit Server VM (25.152-b01 mixed mode bsd-amd64 compressed oops)
Heap:
 PSYoungGen      total 418816K, used 91747K [0x00000007a0000000, 0x00000007bae00000, 0x00000007c0000000)
  eden space 404480K, 20% used [0x00000007a0000000,0x00000007a5188c18,0x00000007b8b00000)
  from space 14336K, 57% used [0x00000007ba000000,0x00000007ba8100b0,0x00000007bae00000)
  to   space 17920K, 0% used [0x00000007b8b00000,0x00000007b8b00000,0x00000007b9c80000)
 ParOldGen       total 134656K, used 80391K [0x0000000760000000, 0x0000000768380000, 0x00000007a0000000)
  object space 134656K, 59% used [0x0000000760000000,0x0000000764e81d98,0x0000000768380000)
 Metaspace       used 106037K, capacity 113294K, committed 113536K, reserved 1148928K
  class space    used 13037K, capacity 14422K, committed 14464K, reserved 1048576K
GC Heap History (10 events):
Event: 32947.037 GC heap before
{Heap before GC invocations=68 (full 4):
 PSYoungGen      total 347136K, used 340113K [0x00000007a0000000, 0x00000007b8a80000, 0x00000007c0000000)
  eden space 327168K, 100% used [0x00000007a0000000,0x00000007b3f80000,0x00000007b3f80000)
  from space 19968K, 64% used [0x00000007b3f80000,0x00000007b4c24788,0x00000007b5300000)
  to   space 19968K, 0% used [0x00000007b7700000,0x00000007b7700000,0x00000007b8a80000)
 ParOldGen       total 134656K, used 80271K [0x0000000760000000, 0x0000000768380000, 0x00000007a0000000)
  object space 134656K, 59% used [0x0000000760000000,0x0000000764e63d98,0x0000000768380000)
 Metaspace       used 105132K, capacity 112314K, committed 112384K, reserved 1146880K
  class space    used 12928K, capacity 14282K, committed 14336K, reserved 1048576K
Event: 32947.185 GC heap after
Heap after GC invocations=68 (full 4):
 PSYoungGen      total 373760K, used 12412K [0x00000007a0000000, 0x00000007b8500000, 0x00000007c0000000)
  eden space 359424K, 0% used [0x00000007a0000000,0x00000007a0000000,0x00000007b5f00000)
  from space 14336K, 86% used [0x00000007b7700000,0x00000007b831f378,0x00000007b8500000)
  to   space 19456K, 0% used [0x00000007b5f00000,0x00000007b5f00000,0x00000007b7200000)
 ParOldGen       total 134656K, used 80343K [0x0000000760000000, 0x0000000768380000, 0x00000007a0000000)
  object space 134656K, 59% used [0x0000000760000000,0x0000000764e75d98,0x0000000768380000)
 Metaspace       used 105132K, capacity 112314K, committed 112384K, reserved 1146880K
  class space    used 12928K, capacity 14282K, committed 14336K, reserved 1048576K
}
Event: 34798.650 GC heap before
{Heap before GC invocations=69 (full 4):
 PSYoungGen      total 373760K, used 371836K [0x00000007a0000000, 0x00000007b8500000, 0x00000007c0000000)
  eden space 359424K, 100% used [0x00000007a0000000,0x00000007b5f00000,0x00000007b5f00000)
  from space 14336K, 86% used [0x00000007b7700000,0x00000007b831f378,0x00000007b8500000)
  to   space 19456K, 0% used [0x00000007b5f00000,0x00000007b5f00000,0x00000007b7200000)
 ParOldGen       total 134656K, used 80343K [0x0000000760000000, 0x0000000768380000, 0x00000007a0000000)
  object space 134656K, 59% used [0x0000000760000000,0x0000000764e75d98,0x0000000768380000)
 Metaspace       used 105710K, capacity 113078K, committed 113280K, reserved 1148928K
  class space    used 13028K, capacity 14408K, committed 14464K, reserved 1048576K
Event: 34799.144 GC heap after
Heap after GC invocations=69 (full 4):
 PSYoungGen      total 378880K, used 9896K [0x00000007a0000000, 0x00000007ba180000, 0x00000007c0000000)
  eden space 359424K, 0% used [0x00000007a0000000,0x00000007a0000000,0x00000007b5f00000)
  from space 19456K, 50% used [0x00000007b5f00000,0x00000007b68aa110,0x00000007b7200000)
  to   space 18944K, 0% used [0x00000007b8f00000,0x00000007b8f00000,0x00000007ba180000)
 ParOldGen       total 134656K, used 80375K [0x0000000760000000, 0x0000000768380000, 0x00000007a0000000)
  object space 134656K, 59% used [0x0000000760000000,0x0000000764e7dd98,0x0000000768380000)
 Metaspace       used 105710K, capacity 113078K, committed 113280K, reserved 1148928K
  class space    used 13028K, capacity 14408K, committed 14464K, reserved 1048576K
}
Event: 35118.808 GC heap before
{Heap before GC invocations=70 (full 4):
 PSYoungGen      total 378880K, used 369320K [0x00000007a0000000, 0x00000007ba180000, 0x00000007c0000000)
  eden space 359424K, 100% used [0x00000007a0000000,0x00000007b5f00000,0x00000007b5f00000)
  from space 19456K, 50% used [0x00000007b5f00000,0x00000007b68aa110,0x00000007b7200000)
  to   space 18944K, 0% used [0x00000007b8f00000,0x00000007b8f00000,0x00000007ba180000)
 ParOldGen       total 134656K, used 80375K [0x0000000760000000, 0x0000000768380000, 0x00000007a0000000)
  object space 134656K, 59% used [0x0000000760000000,0x0000000764e7dd98,0x0000000768380000)
 Metaspace       used 105798K, capacity 113124K, committed 113280K, reserved 1148928K
  class space    used 13032K, capacity 14415K, committed 14464K, reserved 1048576K
Event: 35119.072 GC heap after
Heap after GC invocations=70 (full 4):
 PSYoungGen      total 398336K, used 9470K [0x00000007a0000000, 0x00000007b9c00000, 0x00000007c0000000)
  eden space 385024K, 0% used [0x00000007a0000000,0x00000007a0000000,0x00000007b7800000)
  from space 13312K, 71% used [0x00000007b8f00000,0x00000007b983fa78,0x00000007b9c00000)
  to   space 18432K, 0% used [0x00000007b7800000,0x00000007b7800000,0x00000007b8a00000)
 ParOldGen       total 134656K, used 80375K [0x0000000760000000, 0x0000000768380000, 0x00000007a0000000)
  object space 134656K, 59% used [0x0000000760000000,0x0000000764e7dd98,0x0000000768380000)
 Metaspace       used 105798K, capacity 113124K, committed 113280K, reserved 1148928K
  class space    used 13032K, capacity 14415K, committed 14464K, reserved 1048576K
}
Event: 35431.184 GC heap before
{Heap before GC invocations=71 (full 4):
 PSYoungGen      total 398336K, used 394494K [0x00000007a0000000, 0x00000007b9c00000, 0x00000007c0000000)
  eden space 385024K, 100% used [0x00000007a0000000,0x00000007b7800000,0x00000007b7800000)
  from space 13312K, 71% used [0x00000007b8f00000,0x00000007b983fa78,0x00000007b9c00000)
  to   space 18432K, 0% used [0x00000007b7800000,0x00000007b7800000,0x00000007b8a00000)
 ParOldGen       total 134656K, used 80375K [0x0000000760000000, 0x0000000768380000, 0x00000007a0000000)
  object space 134656K, 59% used [0x0000000760000000,0x0000000764e7dd98,0x0000000768380000)
 Metaspace       used 105894K, capacity 113200K, committed 113280K, reserved 1148928K
  class space    used 13034K, capacity 14417K, committed 14464K, reserved 1048576K
Event: 35431.598 GC heap after
Heap after GC invocations=71 (full 4):
 PSYoungGen      total 403456K, used 8795K [0x00000007a0000000, 0x00000007bb180000, 0x00000007c0000000)
  eden space 385024K, 0% used [0x00000007a0000000,0x00000007a0000000,0x00000007b7800000)
  from space 18432K, 47% used [0x00000007b7800000,0x00000007b8096fa8,0x00000007b8a00000)
  to   space 17920K, 0% used [0x00000007ba000000,0x00000007ba000000,0x00000007bb180000)
 ParOldGen       total 134656K, used 80383K [0x0000000760000000, 0x0000000768380000, 0x00000007a0000000)
  object space 134656K, 59% used [0x0000000760000000,0x0000000764e7fd98,0x0000000768380000)
 Metaspace       used 105894K, capacity 113200K, committed 113280K, reserved 1148928K
  class space    used 13034K, capacity 14417K, committed 14464K, reserved 1048576K
}
Event: 35722.184 GC heap before
{Heap before GC invocations=72 (full 4):
 PSYoungGen      total 403456K, used 393819K [0x00000007a0000000, 0x00000007bb180000, 0x00000007c0000000)
  eden space 385024K, 100% used [0x00000007a0000000,0x00000007b7800000,0x00000007b7800000)
  from space 18432K, 47% used [0x00000007b7800000,0x00000007b8096fa8,0x00000007b8a00000)
  to   space 17920K, 0% used [0x00000007ba000000,0x00000007ba000000,0x00000007bb180000)
 ParOldGen       total 134656K, used 80383K [0x0000000760000000, 0x0000000768380000, 0x00000007a0000000)
  object space 134656K, 59% used [0x0000000760000000,0x0000000764e7fd98,0x0000000768380000)
 Metaspace       used 105997K, capacity 113276K, committed 113536K, reserved 1148928K
  class space    used 13035K, capacity 14419K, committed 14464K, reserved 1048576K
Event: 35722.618 GC heap after
Heap after GC invocations=72 (full 4):
 PSYoungGen      total 418816K, used 8256K [0x00000007a0000000, 0x00000007bae00000, 0x00000007c0000000)
  eden space 404480K, 0% used [0x00000007a0000000,0x00000007a0000000,0x00000007b8b00000)
  from space 14336K, 57% used [0x00000007ba000000,0x00000007ba8100b0,0x00000007bae00000)
  to   space 17920K, 0% used [0x00000007b8b00000,0x00000007b8b00000,0x00000007b9c80000)
 ParOldGen       total 134656K, used 80391K [0x0000000760000000, 0x0000000768380000, 0x00000007a0000000)
  object space 134656K, 59% used [0x0000000760000000,0x0000000764e81d98,0x0000000768380000)
 Metaspace       used 105997K, capacity 113276K, committed 113536K, reserved 1148928K
  class space    used 13035K, capacity 14419K, committed 14464K, reserved 1048576K
}

